<?xml version="1.0" encoding="UTF-8"?>
<testsuite name="com.gradeerplus.backend.GradeerPlusBackendApplicationTests" tests="1" skipped="0" failures="0" errors="0" timestamp="2024-01-22T14:50:37" hostname="dyn098027.shef.ac.uk" time="0.494">
  <properties/>
  <testcase name="contextLoads()" classname="com.gradeerplus.backend.GradeerPlusBackendApplicationTests" time="0.494"/>
  <system-out><![CDATA[14:50:37.110 [Test worker] INFO org.springframework.test.context.support.AnnotationConfigContextLoaderUtils -- Could not detect default configuration classes for test class [com.gradeerplus.backend.GradeerPlusBackendApplicationTests]: GradeerPlusBackendApplicationTests does not declare any static, non-private, non-final, nested classes annotated with @Configuration.
14:50:37.176 [Test worker] INFO org.springframework.boot.test.context.SpringBootTestContextBootstrapper -- Found @SpringBootConfiguration com.gradeerplus.backend.GradeerPlusBackendApplication for test class com.gradeerplus.backend.GradeerPlusBackendApplicationTests

  .   ____          _            __ _ _
 /\\ / ___'_ __ _ _(_)_ __  __ _ \ \ \ \
( ( )\___ | '_ | '_| | '_ \/ _` | \ \ \ \
 \\/  ___)| |_)| | | | | || (_| |  ) ) ) )
  '  |____| .__|_| |_|_| |_\__, | / / / /
 =========|_|==============|___/=/_/_/_/
 :: Spring Boot ::                (v3.2.2)

2024-01-22T14:50:37.400Z  INFO 61369 --- [    Test worker] c.g.b.GradeerPlusBackendApplicationTests : Starting GradeerPlusBackendApplicationTests using Java 17.0.8.1 with PID 61369 (started by ruizhengu in /Users/ruizhengu/Projects/gradeer-plus/gradeer-plus-backend)
2024-01-22T14:50:37.401Z  INFO 61369 --- [    Test worker] c.g.b.GradeerPlusBackendApplicationTests : No active profile set, falling back to 1 default profile: "default"
2024-01-22T14:50:37.751Z  INFO 61369 --- [    Test worker] c.g.b.GradeerPlusBackendApplicationTests : Started GradeerPlusBackendApplicationTests in 0.49 seconds (process running for 1.168)
Let's inspect the beans provided by Spring Boot:
applicationAvailability
applicationTaskExecutor
commandLineRunner
fileWatcher
forceAutoProxyCreatorToUseClassProxying
gradeerPlusBackendApplication
homeController
httpMessageConvertersRestClientCustomizer
lifecycleProcessor
messageConverters
org.springframework.aop.config.internalAutoProxyCreator
org.springframework.boot.autoconfigure.AutoConfigurationPackages
org.springframework.boot.autoconfigure.aop.AopAutoConfiguration
org.springframework.boot.autoconfigure.aop.AopAutoConfiguration$ClassProxyingConfiguration
org.springframework.boot.autoconfigure.availability.ApplicationAvailabilityAutoConfiguration
org.springframework.boot.autoconfigure.context.ConfigurationPropertiesAutoConfiguration
org.springframework.boot.autoconfigure.context.LifecycleAutoConfiguration
org.springframework.boot.autoconfigure.context.PropertyPlaceholderAutoConfiguration
org.springframework.boot.autoconfigure.http.HttpMessageConvertersAutoConfiguration
org.springframework.boot.autoconfigure.http.HttpMessageConvertersAutoConfiguration$StringHttpMessageConverterConfiguration
org.springframework.boot.autoconfigure.http.JacksonHttpMessageConvertersConfiguration
org.springframework.boot.autoconfigure.info.ProjectInfoAutoConfiguration
org.springframework.boot.autoconfigure.internalCachingMetadataReaderFactory
org.springframework.boot.autoconfigure.sql.init.SqlInitializationAutoConfiguration
org.springframework.boot.autoconfigure.ssl.SslAutoConfiguration
org.springframework.boot.autoconfigure.task.TaskExecutionAutoConfiguration
org.springframework.boot.autoconfigure.task.TaskExecutorConfigurations$SimpleAsyncTaskExecutorBuilderConfiguration
org.springframework.boot.autoconfigure.task.TaskExecutorConfigurations$TaskExecutorBuilderConfiguration
org.springframework.boot.autoconfigure.task.TaskExecutorConfigurations$TaskExecutorConfiguration
org.springframework.boot.autoconfigure.task.TaskExecutorConfigurations$ThreadPoolTaskExecutorBuilderConfiguration
org.springframework.boot.autoconfigure.task.TaskSchedulingAutoConfiguration
org.springframework.boot.autoconfigure.task.TaskSchedulingConfigurations$SimpleAsyncTaskSchedulerBuilderConfiguration
org.springframework.boot.autoconfigure.task.TaskSchedulingConfigurations$TaskSchedulerBuilderConfiguration
org.springframework.boot.autoconfigure.task.TaskSchedulingConfigurations$ThreadPoolTaskSchedulerBuilderConfiguration
org.springframework.boot.autoconfigure.web.client.RestClientAutoConfiguration
org.springframework.boot.autoconfigure.web.client.RestTemplateAutoConfiguration
org.springframework.boot.context.internalConfigurationPropertiesBinder
org.springframework.boot.context.properties.BoundConfigurationProperties
org.springframework.boot.context.properties.ConfigurationPropertiesBindingPostProcessor
org.springframework.boot.context.properties.EnableConfigurationPropertiesRegistrar.methodValidationExcludeFilter
org.springframework.boot.sql.init.dependency.DatabaseInitializationDependencyConfigurer$DependsOnDatabaseInitializationPostProcessor
org.springframework.boot.test.mock.mockito.MockitoPostProcessor
org.springframework.boot.test.mock.mockito.MockitoPostProcessor$SpyPostProcessor
org.springframework.context.annotation.internalAutowiredAnnotationProcessor
org.springframework.context.annotation.internalCommonAnnotationProcessor
org.springframework.context.annotation.internalConfigurationAnnotationProcessor
org.springframework.context.event.internalEventListenerFactory
org.springframework.context.event.internalEventListenerProcessor
propertySourcesPlaceholderConfigurer
restClientBuilder
restClientBuilderConfigurer
restClientSsl
restTemplateBuilder
restTemplateBuilderConfigurer
simpleAsyncTaskExecutorBuilder
simpleAsyncTaskSchedulerBuilder
spring.info-org.springframework.boot.autoconfigure.info.ProjectInfoProperties
spring.lifecycle-org.springframework.boot.autoconfigure.context.LifecycleProperties
spring.sql.init-org.springframework.boot.autoconfigure.sql.init.SqlInitializationProperties
spring.ssl-org.springframework.boot.autoconfigure.ssl.SslProperties
spring.task.execution-org.springframework.boot.autoconfigure.task.TaskExecutionProperties
spring.task.scheduling-org.springframework.boot.autoconfigure.task.TaskSchedulingProperties
sslBundleRegistry
sslPropertiesSslBundleRegistrar
stringHttpMessageConverter
taskExecutorBuilder
taskSchedulerBuilder
threadPoolTaskExecutorBuilder
threadPoolTaskSchedulerBuilder
]]></system-out>
  <system-err><![CDATA[]]></system-err>
</testsuite>
